<?xml version="1.0" encoding="UTF-8"?>
<testng-results ignored="0" total="1" passed="1" failed="0" skipped="0">
  <reporter-output>
  </reporter-output>
  <suite started-at="2025-01-24T00:28:05 IST" name="Default suite" finished-at="2025-01-24T00:29:06 IST" duration-ms="60592">
    <groups>
    </groups>
    <test started-at="2025-01-24T00:28:05 IST" name="Default test" finished-at="2025-01-24T00:29:06 IST" duration-ms="60592">
      <class name="systemscenerios.Amazon_Project.TestCase5_Login_Search_product_cart_add_remove">
        <test-method is-config="true" signature="launch()[pri:0, instance:systemscenerios.Amazon_Project.TestCase5_Login_Search_product_cart_add_remove@550dbc7a]" started-at="2025-01-24T00:28:05 IST" name="launch" finished-at="2025-01-24T00:28:15 IST" duration-ms="9188" status="PASS">
          <reporter-output>
          </reporter-output>
        </test-method> <!-- launch -->
        <test-method signature="addtocart_logout()[pri:0, instance:systemscenerios.Amazon_Project.TestCase5_Login_Search_product_cart_add_remove@550dbc7a]" started-at="2025-01-24T00:28:15 IST" name="addtocart_logout" finished-at="2025-01-24T00:29:06 IST" duration-ms="51338" status="PASS">
          <reporter-output>
          </reporter-output>
        </test-method> <!-- addtocart_logout -->
        <test-method is-config="true" signature="quit()[pri:0, instance:systemscenerios.Amazon_Project.TestCase5_Login_Search_product_cart_add_remove@550dbc7a]" started-at="2025-01-24T00:29:06 IST" name="quit" finished-at="2025-01-24T00:29:06 IST" duration-ms="1" status="PASS">
          <reporter-output>
          </reporter-output>
        </test-method> <!-- quit -->
      </class> <!-- systemscenerios.Amazon_Project.TestCase5_Login_Search_product_cart_add_remove -->
    </test> <!-- Default test -->
  </suite> <!-- Default suite -->
</testng-results>
